nohup: ignoring input
2026-07-22 16:27:45,959 - __main__ - INFO - Starting polling bot
2026-07-22 16:27:45,976 - httpx - INFO - HTTP Request: POST https://api.telegram.org/bot7662166641:AAHAaF1exNE4cr2_si74bKUire4YgwVZq3U/getMe "HTTP/1.1 200 OK"
2026-07-22 16:27:45,981 - httpx - INFO - HTTP Request: POST https://api.telegram.org/bot7662166641:AAHAaF1exNE4cr2_si74bKUire4YgwVZq3U/deleteWebhook "HTTP/1.1 200 OK"
2026-07-22 16:27:45,982 - telegram.ext.Application - INFO - Application started
2026-07-22 16:27:55,995 - httpx - INFO - HTTP Request: POST https://api.telegram.org/bot7662166641:AAHAaF1exNE4cr2_si74bKUire4YgwVZq3U/getUpdates "HTTP/1.1 200 OK"
2026-07-22 16:28:00,127 - httpx - INFO - HTTP Request: POST https://api.telegram.org/bot7662166641:AAHAaF1exNE4cr2_si74bKUire4YgwVZq3U/getUpdates "HTTP/1.1 200 OK"
2026-07-22 16:28:00,182 - httpx - INFO - HTTP Request: POST https://api.telegram.org/bot7662166641:AAHAaF1exNE4cr2_si74bKUire4YgwVZq3U/sendMessage "HTTP/1.1 200 OK"
2026-07-22 16:28:02,423 - httpx - INFO - HTTP Request: POST https://api.telegram.org/bot7662166641:AAHAaF1exNE4cr2_si74bKUire4YgwVZq3U/getUpdates "HTTP/1.1 200 OK"
2026-07-22 16:28:02,498 - httpx - INFO - HTTP Request: POST https://api.telegram.org/bot7662166641:AAHAaF1exNE4cr2_si74bKUire4YgwVZq3U/sendMessage "HTTP/1.1 200 OK"
2026-07-22 16:28:12,435 - httpx - INFO - HTTP Request: POST https://api.telegram.org/bot7662166641:AAHAaF1exNE4cr2_si74bKUire4YgwVZq3U/getUpdates "HTTP/1.1 200 OK"
2026-07-22 16:28:22,440 - httpx - INFO - HTTP Request: POST https://api.telegram.org/bot7662166641:AAHAaF1exNE4cr2_si74bKUire4YgwVZq3U/getUpdates "HTTP/1.1 200 OK"
2026-07-22 16:28:32,445 - httpx - INFO - HTTP Request: POST https://api.telegram.org/bot7662166641:AAHAaF1exNE4cr2_si74bKUire4YgwVZq3U/getUpdates "HTTP/1.1 200 OK"
2026-07-22 16:28:42,451 - httpx - INFO - HTTP Request: POST https://api.telegram.org/bot7662166641:AAHAaF1exNE4cr2_si74bKUire4YgwVZq3U/getUpdates "HTTP/1.1 200 OK"
2026-07-22 16:28:52,456 - httpx - INFO - HTTP Request: POST https://api.telegram.org/bot7662166641:AAHAaF1exNE4cr2_si74bKUire4YgwVZq3U/getUpdates "HTTP/1.1 200 OK"
2026-07-22 16:29:02,462 - httpx - INFO - HTTP Request: POST https://api.telegram.org/bot7662166641:AAHAaF1exNE4cr2_si74bKUire4YgwVZq3U/getUpdates "HTTP/1.1 200 OK"
2026-07-22 16:29:12,193 - httpx - INFO - HTTP Request: POST https://api.telegram.org/bot7662166641:AAHAaF1exNE4cr2_si74bKUire4YgwVZq3U/getUpdates "HTTP/1.1 200 OK"
2026-07-22 16:29:12,267 - httpx - INFO - HTTP Request: POST https://api.telegram.org/bot7662166641:AAHAaF1exNE4cr2_si74bKUire4YgwVZq3U/sendMessage "HTTP/1.1 200 OK"
2026-07-22 16:29:22,201 - httpx - INFO - HTTP Request: POST https://api.telegram.org/bot7662166641:AAHAaF1exNE4cr2_si74bKUire4YgwVZq3U/getUpdates "HTTP/1.1 200 OK"
2026-07-22 16:29:32,206 - httpx - INFO - HTTP Request: POST https://api.telegram.org/bot7662166641:AAHAaF1exNE4cr2_si74bKUire4YgwVZq3U/getUpdates "HTTP/1.1 200 OK"
2026-07-22 16:29:42,212 - httpx - INFO - HTTP Request: POST https://api.telegram.org/bot7662166641:AAHAaF1exNE4cr2_si74bKUire4YgwVZq3U/getUpdates "HTTP/1.1 200 OK"
2026-07-22 16:29:42,491 - httpx - INFO - HTTP Request: POST https://api.telegram.org/bot7662166641:AAHAaF1exNE4cr2_si74bKUire4YgwVZq3U/getUpdates "HTTP/1.1 200 OK"
2026-07-22 16:29:42,528 - httpx - INFO - HTTP Request: POST https://api.telegram.org/bot7662166641:AAHAaF1exNE4cr2_si74bKUire4YgwVZq3U/answerCallbackQuery "HTTP/1.1 200 OK"
2026-07-22 16:29:42,582 - httpx - INFO - HTTP Request: POST https://api.telegram.org/bot7662166641:AAHAaF1exNE4cr2_si74bKUire4YgwVZq3U/editMessageText "HTTP/1.1 200 OK"
2026-07-22 16:29:52,498 - httpx - INFO - HTTP Request: POST https://api.telegram.org/bot7662166641:AAHAaF1exNE4cr2_si74bKUire4YgwVZq3U/getUpdates "HTTP/1.1 200 OK"
2026-07-22 16:30:02,504 - httpx - INFO - HTTP Request: POST https://api.telegram.org/bot7662166641:AAHAaF1exNE4cr2_si74bKUire4YgwVZq3U/getUpdates "HTTP/1.1 200 OK"
2026-07-22 16:30:12,510 - httpx - INFO - HTTP Request: POST https://api.telegram.org/bot7662166641:AAHAaF1exNE4cr2_si74bKUire4YgwVZq3U/getUpdates "HTTP/1.1 200 OK"
2026-07-22 16:30:22,516 - httpx - INFO - HTTP Request: POST https://api.telegram.org/bot7662166641:AAHAaF1exNE4cr2_si74bKUire4YgwVZq3U/getUpdates "HTTP/1.1 200 OK"
2026-07-22 16:30:32,521 - httpx - INFO - HTTP Request: POST https://api.telegram.org/bot7662166641:AAHAaF1exNE4cr2_si74bKUire4YgwVZq3U/getUpdates "HTTP/1.1 200 OK"
2026-07-22 16:30:42,527 - httpx - INFO - HTTP Request: POST https://api.telegram.org/bot7662166641:AAHAaF1exNE4cr2_si74bKUire4YgwVZq3U/getUpdates "HTTP/1.1 200 OK"
2026-07-22 16:30:52,532 - httpx - INFO - HTTP Request: POST https://api.telegram.org/bot7662166641:AAHAaF1exNE4cr2_si74bKUire4YgwVZq3U/getUpdates "HTTP/1.1 200 OK"
2026-07-22 16:31:02,538 - httpx - INFO - HTTP Request: POST https://api.telegram.org/bot7662166641:AAHAaF1exNE4cr2_si74bKUire4YgwVZq3U/getUpdates "HTTP/1.1 200 OK"
2026-07-22 16:31:12,543 - httpx - INFO - HTTP Request: POST https://api.telegram.org/bot7662166641:AAHAaF1exNE4cr2_si74bKUire4YgwVZq3U/getUpdates "HTTP/1.1 200 OK"
2026-07-22 16:31:22,549 - httpx - INFO - HTTP Request: POST https://api.telegram.org/bot7662166641:AAHAaF1exNE4cr2_si74bKUire4YgwVZq3U/getUpdates "HTTP/1.1 200 OK"
2026-07-22 16:31:32,554 - httpx - INFO - HTTP Request: POST https://api.telegram.org/bot7662166641:AAHAaF1exNE4cr2_si74bKUire4YgwVZq3U/getUpdates "HTTP/1.1 200 OK"
2026-07-22 16:31:42,560 - httpx - INFO - HTTP Request: POST https://api.telegram.org/bot7662166641:AAHAaF1exNE4cr2_si74bKUire4YgwVZq3U/getUpdates "HTTP/1.1 200 OK"
2026-07-22 16:31:52,566 - httpx - INFO - HTTP Request: POST https://api.telegram.org/bot7662166641:AAHAaF1exNE4cr2_si74bKUire4YgwVZq3U/getUpdates "HTTP/1.1 200 OK"
2026-07-22 16:32:02,571 - httpx - INFO - HTTP Request: POST https://api.telegram.org/bot7662166641:AAHAaF1exNE4cr2_si74bKUire4YgwVZq3U/getUpdates "HTTP/1.1 200 OK"
2026-07-22 16:32:12,576 - httpx - INFO - HTTP Request: POST https://api.telegram.org/bot7662166641:AAHAaF1exNE4cr2_si74bKUire4YgwVZq3U/getUpdates "HTTP/1.1 200 OK"
2026-07-22 16:32:13,433 - httpx - INFO - HTTP Request: POST https://api.telegram.org/bot7662166641:AAHAaF1exNE4cr2_si74bKUire4YgwVZq3U/getUpdates "HTTP/1.1 200 OK"
2026-07-22 16:32:13,615 - httpx - INFO - HTTP Request: POST https://api.telegram.org/bot7662166641:AAHAaF1exNE4cr2_si74bKUire4YgwVZq3U/sendMessage "HTTP/1.1 200 OK"
2026-07-22 16:32:21,854 - httpx - INFO - HTTP Request: POST https://api.telegram.org/bot7662166641:AAHAaF1exNE4cr2_si74bKUire4YgwVZq3U/getUpdates "HTTP/1.1 200 OK"
2026-07-22 16:32:21,917 - httpx - INFO - HTTP Request: POST https://api.telegram.org/bot7662166641:AAHAaF1exNE4cr2_si74bKUire4YgwVZq3U/sendMessage "HTTP/1.1 200 OK"
2026-07-22 16:32:26,404 - httpx - INFO - HTTP Request: POST https://api.telegram.org/bot7662166641:AAHAaF1exNE4cr2_si74bKUire4YgwVZq3U/getUpdates "HTTP/1.1 200 OK"
2026-07-22 16:32:26,468 - httpx - INFO - HTTP Request: POST https://api.telegram.org/bot7662166641:AAHAaF1exNE4cr2_si74bKUire4YgwVZq3U/sendMessage "HTTP/1.1 200 OK"
2026-07-22 16:32:36,411 - httpx - INFO - HTTP Request: POST https://api.telegram.org/bot7662166641:AAHAaF1exNE4cr2_si74bKUire4YgwVZq3U/getUpdates "HTTP/1.1 200 OK"
2026-07-22 16:32:46,417 - httpx - INFO - HTTP Request: POST https://api.telegram.org/bot7662166641:AAHAaF1exNE4cr2_si74bKUire4YgwVZq3U/getUpdates "HTTP/1.1 200 OK"
2026-07-22 16:32:56,422 - httpx - INFO - HTTP Request: POST https://api.telegram.org/bot7662166641:AAHAaF1exNE4cr2_si74bKUire4YgwVZq3U/getUpdates "HTTP/1.1 200 OK"
2026-07-22 16:32:59,035 - httpx - INFO - HTTP Request: POST https://api.telegram.org/bot7662166641:AAHAaF1exNE4cr2_si74bKUire4YgwVZq3U/getUpdates "HTTP/1.1 200 OK"
2026-07-22 16:32:59,165 - httpx - INFO - HTTP Request: POST https://api.telegram.org/bot7662166641:AAHAaF1exNE4cr2_si74bKUire4YgwVZq3U/sendMessage "HTTP/1.1 200 OK"
2026-07-22 16:33:02,177 - httpx - INFO - HTTP Request: POST https://api.telegram.org/bot7662166641:AAHAaF1exNE4cr2_si74bKUire4YgwVZq3U/getUpdates "HTTP/1.1 200 OK"
2026-07-22 16:33:02,258 - httpx - INFO - HTTP Request: POST https://api.telegram.org/bot7662166641:AAHAaF1exNE4cr2_si74bKUire4YgwVZq3U/sendMessage "HTTP/1.1 200 OK"
2026-07-22 16:33:10,784 - httpx - INFO - HTTP Request: POST https://api.telegram.org/bot7662166641:AAHAaF1exNE4cr2_si74bKUire4YgwVZq3U/getUpdates "HTTP/1.1 200 OK"
2026-07-22 16:33:10,866 - httpx - INFO - HTTP Request: POST https://api.telegram.org/bot7662166641:AAHAaF1exNE4cr2_si74bKUire4YgwVZq3U/sendMessage "HTTP/1.1 200 OK"
2026-07-22 16:33:16,502 - httpx - INFO - HTTP Request: POST https://api.telegram.org/bot7662166641:AAHAaF1exNE4cr2_si74bKUire4YgwVZq3U/getUpdates "HTTP/1.1 200 OK"
2026-07-22 16:33:16,526 - httpx - INFO - HTTP Request: POST https://api.telegram.org/bot7662166641:AAHAaF1exNE4cr2_si74bKUire4YgwVZq3U/answerCallbackQuery "HTTP/1.1 200 OK"
2026-07-22 16:33:16,598 - httpx - INFO - HTTP Request: POST https://api.telegram.org/bot7662166641:AAHAaF1exNE4cr2_si74bKUire4YgwVZq3U/editMessageText "HTTP/1.1 200 OK"
2026-07-22 16:33:19,165 - httpx - INFO - HTTP Request: POST https://api.telegram.org/bot7662166641:AAHAaF1exNE4cr2_si74bKUire4YgwVZq3U/getUpdates "HTTP/1.1 200 OK"
2026-07-22 16:33:19,268 - httpx - INFO - HTTP Request: POST https://api.telegram.org/bot7662166641:AAHAaF1exNE4cr2_si74bKUire4YgwVZq3U/answerCallbackQuery "HTTP/1.1 200 OK"
2026-07-22 16:33:19,364 - httpx - INFO - HTTP Request: POST https://api.telegram.org/bot7662166641:AAHAaF1exNE4cr2_si74bKUire4YgwVZq3U/editMessageText "HTTP/1.1 200 OK"
2026-07-22 16:33:20,820 - httpx - INFO - HTTP Request: POST https://api.telegram.org/bot7662166641:AAHAaF1exNE4cr2_si74bKUire4YgwVZq3U/getUpdates "HTTP/1.1 200 OK"
2026-07-22 16:33:20,846 - httpx - INFO - HTTP Request: POST https://api.telegram.org/bot7662166641:AAHAaF1exNE4cr2_si74bKUire4YgwVZq3U/answerCallbackQuery "HTTP/1.1 200 OK"
2026-07-22 16:33:20,952 - httpx - INFO - HTTP Request: POST https://api.telegram.org/bot7662166641:AAHAaF1exNE4cr2_si74bKUire4YgwVZq3U/editMessageText "HTTP/1.1 200 OK"
2026-07-22 16:33:22,175 - httpx - INFO - HTTP Request: POST https://api.telegram.org/bot7662166641:AAHAaF1exNE4cr2_si74bKUire4YgwVZq3U/getUpdates "HTTP/1.1 200 OK"
2026-07-22 16:33:22,199 - httpx - INFO - HTTP Request: POST https://api.telegram.org/bot7662166641:AAHAaF1exNE4cr2_si74bKUire4YgwVZq3U/answerCallbackQuery "HTTP/1.1 200 OK"
2026-07-22 16:33:22,251 - httpx - INFO - HTTP Request: POST https://api.telegram.org/bot7662166641:AAHAaF1exNE4cr2_si74bKUire4YgwVZq3U/editMessageText "HTTP/1.1 200 OK"
2026-07-22 16:33:23,309 - httpx - INFO - HTTP Request: POST https://api.telegram.org/bot7662166641:AAHAaF1exNE4cr2_si74bKUire4YgwVZq3U/getUpdates "HTTP/1.1 200 OK"
2026-07-22 16:33:23,333 - httpx - INFO - HTTP Request: POST https://api.telegram.org/bot7662166641:AAHAaF1exNE4cr2_si74bKUire4YgwVZq3U/answerCallbackQuery "HTTP/1.1 200 OK"
2026-07-22 16:33:23,368 - httpx - INFO - HTTP Request: POST https://api.telegram.org/bot7662166641:AAHAaF1exNE4cr2_si74bKUire4YgwVZq3U/editMessageText "HTTP/1.1 400 Bad Request"
2026-07-22 16:33:23,368 - telegram.ext.Application - ERROR - No error handlers are registered, logging exception.
Traceback (most recent call last):
  File "/home/codespace/.local/lib/python3.12/site-packages/telegram/ext/_application.py", line 1315, in process_update
    await coroutine
  File "/home/codespace/.local/lib/python3.12/site-packages/telegram/ext/_handlers/basehandler.py", line 159, in handle_update
    return await self.callback(update, context)
           ^^^^^^^^^^^^^^^^^^^^^^^^^^^^^^^^^^^^
  File "/workspaces/FaydaIDProcessor_bot/main_bot.py", line 324, in handle_callback
  File "/home/codespace/.local/lib/python3.12/site-packages/telegram/_callbackquery.py", line 269, in edit_message_text
    return await self._get_message().edit_text(
           ^^^^^^^^^^^^^^^^^^^^^^^^^^^^^^^^^^^^
  File "/home/codespace/.local/lib/python3.12/site-packages/telegram/_message.py", line 4473, in edit_text
    return await self.get_bot().edit_message_text(
           ^^^^^^^^^^^^^^^^^^^^^^^^^^^^^^^^^^^^^^^
  File "/home/codespace/.local/lib/python3.12/site-packages/telegram/ext/_extbot.py", line 1763, in edit_message_text
    return await super().edit_message_text(
           ^^^^^^^^^^^^^^^^^^^^^^^^^^^^^^^^
  File "/home/codespace/.local/lib/python3.12/site-packages/telegram/_bot.py", line 4465, in edit_message_text
    return await self._send_message(
           ^^^^^^^^^^^^^^^^^^^^^^^^^
  File "/home/codespace/.local/lib/python3.12/site-packages/telegram/ext/_extbot.py", line 638, in _send_message
    result = await super()._send_message(
             ^^^^^^^^^^^^^^^^^^^^^^^^^^^^
  File "/home/codespace/.local/lib/python3.12/site-packages/telegram/_bot.py", line 828, in _send_message
    result = await self._post(
             ^^^^^^^^^^^^^^^^^
  File "/home/codespace/.local/lib/python3.12/site-packages/telegram/_bot.py", line 712, in _post
    return await self._do_post(
           ^^^^^^^^^^^^^^^^^^^^
  File "/home/codespace/.local/lib/python3.12/site-packages/telegram/ext/_extbot.py", line 378, in _do_post
    return await super()._do_post(
           ^^^^^^^^^^^^^^^^^^^^^^^
  File "/home/codespace/.local/lib/python3.12/site-packages/telegram/_bot.py", line 741, in _do_post
    result = await request.post(
             ^^^^^^^^^^^^^^^^^^^
  File "/home/codespace/.local/lib/python3.12/site-packages/telegram/request/_baserequest.py", line 198, in post
    result = await self._request_wrapper(
             ^^^^^^^^^^^^^^^^^^^^^^^^^^^^
  File "/home/codespace/.local/lib/python3.12/site-packages/telegram/request/_baserequest.py", line 375, in _request_wrapper
    raise exception
telegram.error.BadRequest: Message is not modified: specified new message content and reply markup are exactly the same as a current content and reply markup of the message
2026-07-22 16:33:24,370 - httpx - INFO - HTTP Request: POST https://api.telegram.org/bot7662166641:AAHAaF1exNE4cr2_si74bKUire4YgwVZq3U/getUpdates "HTTP/1.1 200 OK"
2026-07-22 16:33:24,397 - httpx - INFO - HTTP Request: POST https://api.telegram.org/bot7662166641:AAHAaF1exNE4cr2_si74bKUire4YgwVZq3U/answerCallbackQuery "HTTP/1.1 200 OK"
2026-07-22 16:33:24,432 - httpx - INFO - HTTP Request: POST https://api.telegram.org/bot7662166641:AAHAaF1exNE4cr2_si74bKUire4YgwVZq3U/editMessageText "HTTP/1.1 200 OK"
2026-07-22 16:33:34,377 - httpx - INFO - HTTP Request: POST https://api.telegram.org/bot7662166641:AAHAaF1exNE4cr2_si74bKUire4YgwVZq3U/getUpdates "HTTP/1.1 200 OK"
2026-07-22 16:33:44,382 - httpx - INFO - HTTP Request: POST https://api.telegram.org/bot7662166641:AAHAaF1exNE4cr2_si74bKUire4YgwVZq3U/getUpdates "HTTP/1.1 200 OK"
2026-07-22 16:33:54,387 - httpx - INFO - HTTP Request: POST https://api.telegram.org/bot7662166641:AAHAaF1exNE4cr2_si74bKUire4YgwVZq3U/getUpdates "HTTP/1.1 200 OK"
2026-07-22 16:34:04,393 - httpx - INFO - HTTP Request: POST https://api.telegram.org/bot7662166641:AAHAaF1exNE4cr2_si74bKUire4YgwVZq3U/getUpdates "HTTP/1.1 200 OK"
2026-07-22 16:34:14,399 - httpx - INFO - HTTP Request: POST https://api.telegram.org/bot7662166641:AAHAaF1exNE4cr2_si74bKUire4YgwVZq3U/getUpdates "HTTP/1.1 200 OK"
2026-07-22 16:34:24,404 - httpx - INFO - HTTP Request: POST https://api.telegram.org/bot7662166641:AAHAaF1exNE4cr2_si74bKUire4YgwVZq3U/getUpdates "HTTP/1.1 200 OK"
2026-07-22 16:34:34,409 - httpx - INFO - HTTP Request: POST https://api.telegram.org/bot7662166641:AAHAaF1exNE4cr2_si74bKUire4YgwVZq3U/getUpdates "HTTP/1.1 200 OK"
2026-07-22 16:34:44,414 - httpx - INFO - HTTP Request: POST https://api.telegram.org/bot7662166641:AAHAaF1exNE4cr2_si74bKUire4YgwVZq3U/getUpdates "HTTP/1.1 200 OK"
2026-07-22 16:34:54,420 - httpx - INFO - HTTP Request: POST https://api.telegram.org/bot7662166641:AAHAaF1exNE4cr2_si74bKUire4YgwVZq3U/getUpdates "HTTP/1.1 200 OK"
2026-07-22 16:35:04,425 - httpx - INFO - HTTP Request: POST https://api.telegram.org/bot7662166641:AAHAaF1exNE4cr2_si74bKUire4YgwVZq3U/getUpdates "HTTP/1.1 200 OK"
2026-07-22 16:35:14,430 - httpx - INFO - HTTP Request: POST https://api.telegram.org/bot7662166641:AAHAaF1exNE4cr2_si74bKUire4YgwVZq3U/getUpdates "HTTP/1.1 200 OK"
2026-07-22 16:35:24,436 - httpx - INFO - HTTP Request: POST https://api.telegram.org/bot7662166641:AAHAaF1exNE4cr2_si74bKUire4YgwVZq3U/getUpdates "HTTP/1.1 200 OK"
2026-07-22 16:35:34,442 - httpx - INFO - HTTP Request: POST https://api.telegram.org/bot7662166641:AAHAaF1exNE4cr2_si74bKUire4YgwVZq3U/getUpdates "HTTP/1.1 200 OK"
2026-07-22 16:35:44,447 - httpx - INFO - HTTP Request: POST https://api.telegram.org/bot7662166641:AAHAaF1exNE4cr2_si74bKUire4YgwVZq3U/getUpdates "HTTP/1.1 200 OK"
2026-07-22 16:35:54,452 - httpx - INFO - HTTP Request: POST https://api.telegram.org/bot7662166641:AAHAaF1exNE4cr2_si74bKUire4YgwVZq3U/getUpdates "HTTP/1.1 200 OK"
2026-07-22 16:36:04,458 - httpx - INFO - HTTP Request: POST https://api.telegram.org/bot7662166641:AAHAaF1exNE4cr2_si74bKUire4YgwVZq3U/getUpdates "HTTP/1.1 200 OK"
2026-07-22 16:36:14,464 - httpx - INFO - HTTP Request: POST https://api.telegram.org/bot7662166641:AAHAaF1exNE4cr2_si74bKUire4YgwVZq3U/getUpdates "HTTP/1.1 200 OK"
2026-07-22 16:36:24,470 - httpx - INFO - HTTP Request: POST https://api.telegram.org/bot7662166641:AAHAaF1exNE4cr2_si74bKUire4YgwVZq3U/getUpdates "HTTP/1.1 200 OK"
2026-07-22 16:36:34,475 - httpx - INFO - HTTP Request: POST https://api.telegram.org/bot7662166641:AAHAaF1exNE4cr2_si74bKUire4YgwVZq3U/getUpdates "HTTP/1.1 200 OK"
2026-07-22 16:36:44,481 - httpx - INFO - HTTP Request: POST https://api.telegram.org/bot7662166641:AAHAaF1exNE4cr2_si74bKUire4YgwVZq3U/getUpdates "HTTP/1.1 200 OK"
2026-07-22 16:36:54,486 - httpx - INFO - HTTP Request: POST https://api.telegram.org/bot7662166641:AAHAaF1exNE4cr2_si74bKUire4YgwVZq3U/getUpdates "HTTP/1.1 200 OK"
2026-07-22 16:37:04,491 - httpx - INFO - HTTP Request: POST https://api.telegram.org/bot7662166641:AAHAaF1exNE4cr2_si74bKUire4YgwVZq3U/getUpdates "HTTP/1.1 200 OK"
2026-07-22 16:37:14,497 - httpx - INFO - HTTP Request: POST https://api.telegram.org/bot7662166641:AAHAaF1exNE4cr2_si74bKUire4YgwVZq3U/getUpdates "HTTP/1.1 200 OK"
2026-07-22 16:37:24,503 - httpx - INFO - HTTP Request: POST https://api.telegram.org/bot7662166641:AAHAaF1exNE4cr2_si74bKUire4YgwVZq3U/getUpdates "HTTP/1.1 200 OK"
2026-07-22 16:37:24,701 - httpx - INFO - HTTP Request: POST https://api.telegram.org/bot7662166641:AAHAaF1exNE4cr2_si74bKUire4YgwVZq3U/getUpdates "HTTP/1.1 200 OK"
2026-07-22 16:37:24,758 - httpx - INFO - HTTP Request: POST https://api.telegram.org/bot7662166641:AAHAaF1exNE4cr2_si74bKUire4YgwVZq3U/answerCallbackQuery "HTTP/1.1 200 OK"
2026-07-22 16:37:24,830 - httpx - INFO - HTTP Request: POST https://api.telegram.org/bot7662166641:AAHAaF1exNE4cr2_si74bKUire4YgwVZq3U/editMessageText "HTTP/1.1 200 OK"
2026-07-22 16:37:34,708 - httpx - INFO - HTTP Request: POST https://api.telegram.org/bot7662166641:AAHAaF1exNE4cr2_si74bKUire4YgwVZq3U/getUpdates "HTTP/1.1 200 OK"
2026-07-22 16:37:44,713 - httpx - INFO - HTTP Request: POST https://api.telegram.org/bot7662166641:AAHAaF1exNE4cr2_si74bKUire4YgwVZq3U/getUpdates "HTTP/1.1 200 OK"
2026-07-22 16:37:54,720 - httpx - INFO - HTTP Request: POST https://api.telegram.org/bot7662166641:AAHAaF1exNE4cr2_si74bKUire4YgwVZq3U/getUpdates "HTTP/1.1 200 OK"
2026-07-22 16:38:04,725 - httpx - INFO - HTTP Request: POST https://api.telegram.org/bot7662166641:AAHAaF1exNE4cr2_si74bKUire4YgwVZq3U/getUpdates "HTTP/1.1 200 OK"
2026-07-22 16:38:14,730 - httpx - INFO - HTTP Request: POST https://api.telegram.org/bot7662166641:AAHAaF1exNE4cr2_si74bKUire4YgwVZq3U/getUpdates "HTTP/1.1 200 OK"
2026-07-22 16:38:24,737 - httpx - INFO - HTTP Request: POST https://api.telegram.org/bot7662166641:AAHAaF1exNE4cr2_si74bKUire4YgwVZq3U/getUpdates "HTTP/1.1 200 OK"
2026-07-22 16:38:34,744 - httpx - INFO - HTTP Request: POST https://api.telegram.org/bot7662166641:AAHAaF1exNE4cr2_si74bKUire4YgwVZq3U/getUpdates "HTTP/1.1 200 OK"
2026-07-22 16:38:44,750 - httpx - INFO - HTTP Request: POST https://api.telegram.org/bot7662166641:AAHAaF1exNE4cr2_si74bKUire4YgwVZq3U/getUpdates "HTTP/1.1 200 OK"
2026-07-22 16:38:54,756 - httpx - INFO - HTTP Request: POST https://api.telegram.org/bot7662166641:AAHAaF1exNE4cr2_si74bKUire4YgwVZq3U/getUpdates "HTTP/1.1 200 OK"
2026-07-22 16:39:04,761 - httpx - INFO - HTTP Request: POST https://api.telegram.org/bot7662166641:AAHAaF1exNE4cr2_si74bKUire4YgwVZq3U/getUpdates "HTTP/1.1 200 OK"
2026-07-22 16:39:14,767 - httpx - INFO - HTTP Request: POST https://api.telegram.org/bot7662166641:AAHAaF1exNE4cr2_si74bKUire4YgwVZq3U/getUpdates "HTTP/1.1 200 OK"
2026-07-22 16:39:24,773 - httpx - INFO - HTTP Request: POST https://api.telegram.org/bot7662166641:AAHAaF1exNE4cr2_si74bKUire4YgwVZq3U/getUpdates "HTTP/1.1 200 OK"
2026-07-22 16:39:34,779 - httpx - INFO - HTTP Request: POST https://api.telegram.org/bot7662166641:AAHAaF1exNE4cr2_si74bKUire4YgwVZq3U/getUpdates "HTTP/1.1 200 OK"
2026-07-22 16:39:39,081 - httpx - INFO - HTTP Request: POST https://api.telegram.org/bot7662166641:AAHAaF1exNE4cr2_si74bKUire4YgwVZq3U/getUpdates "HTTP/1.1 200 OK"
2026-07-22 16:39:39,169 - httpx - INFO - HTTP Request: POST https://api.telegram.org/bot7662166641:AAHAaF1exNE4cr2_si74bKUire4YgwVZq3U/sendMessage "HTTP/1.1 200 OK"
2026-07-22 16:39:49,089 - httpx - INFO - HTTP Request: POST https://api.telegram.org/bot7662166641:AAHAaF1exNE4cr2_si74bKUire4YgwVZq3U/getUpdates "HTTP/1.1 200 OK"
2026-07-22 16:39:59,095 - httpx - INFO - HTTP Request: POST https://api.telegram.org/bot7662166641:AAHAaF1exNE4cr2_si74bKUire4YgwVZq3U/getUpdates "HTTP/1.1 200 OK"
2026-07-22 16:40:09,100 - httpx - INFO - HTTP Request: POST https://api.telegram.org/bot7662166641:AAHAaF1exNE4cr2_si74bKUire4YgwVZq3U/getUpdates "HTTP/1.1 200 OK"
2026-07-22 16:40:19,105 - httpx - INFO - HTTP Request: POST https://api.telegram.org/bot7662166641:AAHAaF1exNE4cr2_si74bKUire4YgwVZq3U/getUpdates "HTTP/1.1 200 OK"
2026-07-22 16:40:29,111 - httpx - INFO - HTTP Request: POST https://api.telegram.org/bot7662166641:AAHAaF1exNE4cr2_si74bKUire4YgwVZq3U/getUpdates "HTTP/1.1 200 OK"
2026-07-22 16:40:39,116 - httpx - INFO - HTTP Request: POST https://api.telegram.org/bot7662166641:AAHAaF1exNE4cr2_si74bKUire4YgwVZq3U/getUpdates "HTTP/1.1 200 OK"
2026-07-22 16:40:49,123 - httpx - INFO - HTTP Request: POST https://api.telegram.org/bot7662166641:AAHAaF1exNE4cr2_si74bKUire4YgwVZq3U/getUpdates "HTTP/1.1 200 OK"
2026-07-22 16:40:59,128 - httpx - INFO - HTTP Request: POST https://api.telegram.org/bot7662166641:AAHAaF1exNE4cr2_si74bKUire4YgwVZq3U/getUpdates "HTTP/1.1 200 OK"
2026-07-22 16:41:09,134 - httpx - INFO - HTTP Request: POST https://api.telegram.org/bot7662166641:AAHAaF1exNE4cr2_si74bKUire4YgwVZq3U/getUpdates "HTTP/1.1 200 OK"
2026-07-22 16:41:19,139 - httpx - INFO - HTTP Request: POST https://api.telegram.org/bot7662166641:AAHAaF1exNE4cr2_si74bKUire4YgwVZq3U/getUpdates "HTTP/1.1 200 OK"
2026-07-22 16:41:29,145 - httpx - INFO - HTTP Request: POST https://api.telegram.org/bot7662166641:AAHAaF1exNE4cr2_si74bKUire4YgwVZq3U/getUpdates "HTTP/1.1 200 OK"
2026-07-22 16:41:39,150 - httpx - INFO - HTTP Request: POST https://api.telegram.org/bot7662166641:AAHAaF1exNE4cr2_si74bKUire4YgwVZq3U/getUpdates "HTTP/1.1 200 OK"
2026-07-22 16:41:49,157 - httpx - INFO - HTTP Request: POST https://api.telegram.org/bot7662166641:AAHAaF1exNE4cr2_si74bKUire4YgwVZq3U/getUpdates "HTTP/1.1 200 OK"
2026-07-22 16:41:59,162 - httpx - INFO - HTTP Request: POST https://api.telegram.org/bot7662166641:AAHAaF1exNE4cr2_si74bKUire4YgwVZq3U/getUpdates "HTTP/1.1 200 OK"
2026-07-22 16:42:09,168 - httpx - INFO - HTTP Request: POST https://api.telegram.org/bot7662166641:AAHAaF1exNE4cr2_si74bKUire4YgwVZq3U/getUpdates "HTTP/1.1 200 OK"
2026-07-22 16:42:19,174 - httpx - INFO - HTTP Request: POST https://api.telegram.org/bot7662166641:AAHAaF1exNE4cr2_si74bKUire4YgwVZq3U/getUpdates "HTTP/1.1 200 OK"
2026-07-22 16:42:29,180 - httpx - INFO - HTTP Request: POST https://api.telegram.org/bot7662166641:AAHAaF1exNE4cr2_si74bKUire4YgwVZq3U/getUpdates "HTTP/1.1 200 OK"
2026-07-22 16:42:39,186 - httpx - INFO - HTTP Request: POST https://api.telegram.org/bot7662166641:AAHAaF1exNE4cr2_si74bKUire4YgwVZq3U/getUpdates "HTTP/1.1 200 OK"
2026-07-22 16:42:49,192 - httpx - INFO - HTTP Request: POST https://api.telegram.org/bot7662166641:AAHAaF1exNE4cr2_si74bKUire4YgwVZq3U/getUpdates "HTTP/1.1 200 OK"
2026-07-22 16:42:59,197 - httpx - INFO - HTTP Request: POST https://api.telegram.org/bot7662166641:AAHAaF1exNE4cr2_si74bKUire4YgwVZq3U/getUpdates "HTTP/1.1 200 OK"
2026-07-22 16:43:09,204 - httpx - INFO - HTTP Request: POST https://api.telegram.org/bot7662166641:AAHAaF1exNE4cr2_si74bKUire4YgwVZq3U/getUpdates "HTTP/1.1 200 OK"
2026-07-22 16:43:19,209 - httpx - INFO - HTTP Request: POST https://api.telegram.org/bot7662166641:AAHAaF1exNE4cr2_si74bKUire4YgwVZq3U/getUpdates "HTTP/1.1 200 OK"
2026-07-22 16:43:29,214 - httpx - INFO - HTTP Request: POST https://api.telegram.org/bot7662166641:AAHAaF1exNE4cr2_si74bKUire4YgwVZq3U/getUpdates "HTTP/1.1 200 OK"
2026-07-22 16:43:39,220 - httpx - INFO - HTTP Request: POST https://api.telegram.org/bot7662166641:AAHAaF1exNE4cr2_si74bKUire4YgwVZq3U/getUpdates "HTTP/1.1 200 OK"
2026-07-22 16:43:49,226 - httpx - INFO - HTTP Request: POST https://api.telegram.org/bot7662166641:AAHAaF1exNE4cr2_si74bKUire4YgwVZq3U/getUpdates "HTTP/1.1 200 OK"
2026-07-22 16:43:59,231 - httpx - INFO - HTTP Request: POST https://api.telegram.org/bot7662166641:AAHAaF1exNE4cr2_si74bKUire4YgwVZq3U/getUpdates "HTTP/1.1 200 OK"
2026-07-22 16:44:09,236 - httpx - INFO - HTTP Request: POST https://api.telegram.org/bot7662166641:AAHAaF1exNE4cr2_si74bKUire4YgwVZq3U/getUpdates "HTTP/1.1 200 OK"
2026-07-22 16:44:19,241 - httpx - INFO - HTTP Request: POST https://api.telegram.org/bot7662166641:AAHAaF1exNE4cr2_si74bKUire4YgwVZq3U/getUpdates "HTTP/1.1 200 OK"
2026-07-22 16:44:29,247 - httpx - INFO - HTTP Request: POST https://api.telegram.org/bot7662166641:AAHAaF1exNE4cr2_si74bKUire4YgwVZq3U/getUpdates "HTTP/1.1 200 OK"
2026-07-22 16:44:39,253 - httpx - INFO - HTTP Request: POST https://api.telegram.org/bot7662166641:AAHAaF1exNE4cr2_si74bKUire4YgwVZq3U/getUpdates "HTTP/1.1 200 OK"
2026-07-22 16:44:49,259 - httpx - INFO - HTTP Request: POST https://api.telegram.org/bot7662166641:AAHAaF1exNE4cr2_si74bKUire4YgwVZq3U/getUpdates "HTTP/1.1 200 OK"
2026-07-22 16:44:59,265 - httpx - INFO - HTTP Request: POST https://api.telegram.org/bot7662166641:AAHAaF1exNE4cr2_si74bKUire4YgwVZq3U/getUpdates "HTTP/1.1 200 OK"
2026-07-22 16:45:09,271 - httpx - INFO - HTTP Request: POST https://api.telegram.org/bot7662166641:AAHAaF1exNE4cr2_si74bKUire4YgwVZq3U/getUpdates "HTTP/1.1 200 OK"
2026-07-22 16:45:19,277 - httpx - INFO - HTTP Request: POST https://api.telegram.org/bot7662166641:AAHAaF1exNE4cr2_si74bKUire4YgwVZq3U/getUpdates "HTTP/1.1 200 OK"
2026-07-22 16:45:29,282 - httpx - INFO - HTTP Request: POST https://api.telegram.org/bot7662166641:AAHAaF1exNE4cr2_si74bKUire4YgwVZq3U/getUpdates "HTTP/1.1 200 OK"
2026-07-22 16:45:39,288 - httpx - INFO - HTTP Request: POST https://api.telegram.org/bot7662166641:AAHAaF1exNE4cr2_si74bKUire4YgwVZq3U/getUpdates "HTTP/1.1 200 OK"
2026-07-22 16:45:49,295 - httpx - INFO - HTTP Request: POST https://api.telegram.org/bot7662166641:AAHAaF1exNE4cr2_si74bKUire4YgwVZq3U/getUpdates "HTTP/1.1 200 OK"
2026-07-22 16:45:59,300 - httpx - INFO - HTTP Request: POST https://api.telegram.org/bot7662166641:AAHAaF1exNE4cr2_si74bKUire4YgwVZq3U/getUpdates "HTTP/1.1 200 OK"
2026-07-22 16:46:09,305 - httpx - INFO - HTTP Request: POST https://api.telegram.org/bot7662166641:AAHAaF1exNE4cr2_si74bKUire4YgwVZq3U/getUpdates "HTTP/1.1 200 OK"
2026-07-22 16:46:19,310 - httpx - INFO - HTTP Request: POST https://api.telegram.org/bot7662166641:AAHAaF1exNE4cr2_si74bKUire4YgwVZq3U/getUpdates "HTTP/1.1 200 OK"
2026-07-22 16:46:29,316 - httpx - INFO - HTTP Request: POST https://api.telegram.org/bot7662166641:AAHAaF1exNE4cr2_si74bKUire4YgwVZq3U/getUpdates "HTTP/1.1 200 OK"
2026-07-22 16:46:39,321 - httpx - INFO - HTTP Request: POST https://api.telegram.org/bot7662166641:AAHAaF1exNE4cr2_si74bKUire4YgwVZq3U/getUpdates "HTTP/1.1 200 OK"
2026-07-22 16:46:49,326 - httpx - INFO - HTTP Request: POST https://api.telegram.org/bot7662166641:AAHAaF1exNE4cr2_si74bKUire4YgwVZq3U/getUpdates "HTTP/1.1 200 OK"
2026-07-22 16:46:59,331 - httpx - INFO - HTTP Request: POST https://api.telegram.org/bot7662166641:AAHAaF1exNE4cr2_si74bKUire4YgwVZq3U/getUpdates "HTTP/1.1 200 OK"
2026-07-22 16:47:09,337 - httpx - INFO - HTTP Request: POST https://api.telegram.org/bot7662166641:AAHAaF1exNE4cr2_si74bKUire4YgwVZq3U/getUpdates "HTTP/1.1 200 OK"
2026-07-22 16:47:19,342 - httpx - INFO - HTTP Request: POST https://api.telegram.org/bot7662166641:AAHAaF1exNE4cr2_si74bKUire4YgwVZq3U/getUpdates "HTTP/1.1 200 OK"
2026-07-22 16:47:29,351 - httpx - INFO - HTTP Request: POST https://api.telegram.org/bot7662166641:AAHAaF1exNE4cr2_si74bKUire4YgwVZq3U/getUpdates "HTTP/1.1 200 OK"
2026-07-22 16:47:39,362 - httpx - INFO - HTTP Request: POST https://api.telegram.org/bot7662166641:AAHAaF1exNE4cr2_si74bKUire4YgwVZq3U/getUpdates "HTTP/1.1 200 OK"
2026-07-22 16:47:49,367 - httpx - INFO - HTTP Request: POST https://api.telegram.org/bot7662166641:AAHAaF1exNE4cr2_si74bKUire4YgwVZq3U/getUpdates "HTTP/1.1 200 OK"
2026-07-22 16:47:59,372 - httpx - INFO - HTTP Request: POST https://api.telegram.org/bot7662166641:AAHAaF1exNE4cr2_si74bKUire4YgwVZq3U/getUpdates "HTTP/1.1 200 OK"
2026-07-22 16:48:09,378 - httpx - INFO - HTTP Request: POST https://api.telegram.org/bot7662166641:AAHAaF1exNE4cr2_si74bKUire4YgwVZq3U/getUpdates "HTTP/1.1 200 OK"
2026-07-22 16:48:19,384 - httpx - INFO - HTTP Request: POST https://api.telegram.org/bot7662166641:AAHAaF1exNE4cr2_si74bKUire4YgwVZq3U/getUpdates "HTTP/1.1 200 OK"
2026-07-22 16:48:29,389 - httpx - INFO - HTTP Request: POST https://api.telegram.org/bot7662166641:AAHAaF1exNE4cr2_si74bKUire4YgwVZq3U/getUpdates "HTTP/1.1 200 OK"
2026-07-22 16:48:39,394 - httpx - INFO - HTTP Request: POST https://api.telegram.org/bot7662166641:AAHAaF1exNE4cr2_si74bKUire4YgwVZq3U/getUpdates "HTTP/1.1 200 OK"
2026-07-22 16:48:49,402 - httpx - INFO - HTTP Request: POST https://api.telegram.org/bot7662166641:AAHAaF1exNE4cr2_si74bKUire4YgwVZq3U/getUpdates "HTTP/1.1 200 OK"
2026-07-22 16:48:59,409 - httpx - INFO - HTTP Request: POST https://api.telegram.org/bot7662166641:AAHAaF1exNE4cr2_si74bKUire4YgwVZq3U/getUpdates "HTTP/1.1 200 OK"
2026-07-22 16:49:09,414 - httpx - INFO - HTTP Request: POST https://api.telegram.org/bot7662166641:AAHAaF1exNE4cr2_si74bKUire4YgwVZq3U/getUpdates "HTTP/1.1 200 OK"
2026-07-22 16:49:19,420 - httpx - INFO - HTTP Request: POST https://api.telegram.org/bot7662166641:AAHAaF1exNE4cr2_si74bKUire4YgwVZq3U/getUpdates "HTTP/1.1 200 OK"
2026-07-22 16:49:27,136 - httpx - INFO - HTTP Request: POST https://api.telegram.org/bot7662166641:AAHAaF1exNE4cr2_si74bKUire4YgwVZq3U/getUpdates "HTTP/1.1 200 OK"
2026-07-22 16:49:27,226 - httpx - INFO - HTTP Request: POST https://api.telegram.org/bot7662166641:AAHAaF1exNE4cr2_si74bKUire4YgwVZq3U/sendMessage "HTTP/1.1 200 OK"
2026-07-22 16:49:29,231 - httpx - INFO - HTTP Request: POST https://api.telegram.org/bot7662166641:AAHAaF1exNE4cr2_si74bKUire4YgwVZq3U/getUpdates "HTTP/1.1 200 OK"
2026-07-22 16:49:29,251 - httpx - INFO - HTTP Request: POST https://api.telegram.org/bot7662166641:AAHAaF1exNE4cr2_si74bKUire4YgwVZq3U/answerCallbackQuery "HTTP/1.1 200 OK"
2026-07-22 16:49:29,340 - httpx - INFO - HTTP Request: POST https://api.telegram.org/bot7662166641:AAHAaF1exNE4cr2_si74bKUire4YgwVZq3U/editMessageText "HTTP/1.1 200 OK"
2026-07-22 16:49:31,341 - httpx - INFO - HTTP Request: POST https://api.telegram.org/bot7662166641:AAHAaF1exNE4cr2_si74bKUire4YgwVZq3U/getUpdates "HTTP/1.1 200 OK"
2026-07-22 16:49:31,358 - httpx - INFO - HTTP Request: POST https://api.telegram.org/bot7662166641:AAHAaF1exNE4cr2_si74bKUire4YgwVZq3U/answerCallbackQuery "HTTP/1.1 200 OK"
2026-07-22 16:49:31,424 - httpx - INFO - HTTP Request: POST https://api.telegram.org/bot7662166641:AAHAaF1exNE4cr2_si74bKUire4YgwVZq3U/editMessageText "HTTP/1.1 200 OK"
2026-07-22 16:49:35,142 - httpx - INFO - HTTP Request: POST https://api.telegram.org/bot7662166641:AAHAaF1exNE4cr2_si74bKUire4YgwVZq3U/getUpdates "HTTP/1.1 200 OK"
2026-07-22 16:49:35,165 - httpx - INFO - HTTP Request: POST https://api.telegram.org/bot7662166641:AAHAaF1exNE4cr2_si74bKUire4YgwVZq3U/answerCallbackQuery "HTTP/1.1 200 OK"
2026-07-22 16:49:35,208 - httpx - INFO - HTTP Request: POST https://api.telegram.org/bot7662166641:AAHAaF1exNE4cr2_si74bKUire4YgwVZq3U/editMessageText "HTTP/1.1 200 OK"
2026-07-22 16:49:36,663 - httpx - INFO - HTTP Request: POST https://api.telegram.org/bot7662166641:AAHAaF1exNE4cr2_si74bKUire4YgwVZq3U/getUpdates "HTTP/1.1 200 OK"
2026-07-22 16:49:36,719 - httpx - INFO - HTTP Request: POST https://api.telegram.org/bot7662166641:AAHAaF1exNE4cr2_si74bKUire4YgwVZq3U/answerCallbackQuery "HTTP/1.1 200 OK"
2026-07-22 16:49:36,861 - httpx - INFO - HTTP Request: POST https://api.telegram.org/bot7662166641:AAHAaF1exNE4cr2_si74bKUire4YgwVZq3U/editMessageText "HTTP/1.1 200 OK"
2026-07-22 16:49:38,303 - httpx - INFO - HTTP Request: POST https://api.telegram.org/bot7662166641:AAHAaF1exNE4cr2_si74bKUire4YgwVZq3U/getUpdates "HTTP/1.1 200 OK"
2026-07-22 16:49:38,350 - httpx - INFO - HTTP Request: POST https://api.telegram.org/bot7662166641:AAHAaF1exNE4cr2_si74bKUire4YgwVZq3U/answerCallbackQuery "HTTP/1.1 200 OK"
2026-07-22 16:49:38,415 - httpx - INFO - HTTP Request: POST https://api.telegram.org/bot7662166641:AAHAaF1exNE4cr2_si74bKUire4YgwVZq3U/editMessageText "HTTP/1.1 200 OK"
2026-07-22 16:49:48,314 - httpx - INFO - HTTP Request: POST https://api.telegram.org/bot7662166641:AAHAaF1exNE4cr2_si74bKUire4YgwVZq3U/getUpdates "HTTP/1.1 200 OK"
2026-07-22 16:49:58,326 - httpx - INFO - HTTP Request: POST https://api.telegram.org/bot7662166641:AAHAaF1exNE4cr2_si74bKUire4YgwVZq3U/getUpdates "HTTP/1.1 200 OK"
2026-07-22 16:50:08,331 - httpx - INFO - HTTP Request: POST https://api.telegram.org/bot7662166641:AAHAaF1exNE4cr2_si74bKUire4YgwVZq3U/getUpdates "HTTP/1.1 200 OK"
2026-07-22 16:50:18,336 - httpx - INFO - HTTP Request: POST https://api.telegram.org/bot7662166641:AAHAaF1exNE4cr2_si74bKUire4YgwVZq3U/getUpdates "HTTP/1.1 200 OK"
2026-07-22 16:50:28,342 - httpx - INFO - HTTP Request: POST https://api.telegram.org/bot7662166641:AAHAaF1exNE4cr2_si74bKUire4YgwVZq3U/getUpdates "HTTP/1.1 200 OK"
2026-07-22 16:50:38,348 - httpx - INFO - HTTP Request: POST https://api.telegram.org/bot7662166641:AAHAaF1exNE4cr2_si74bKUire4YgwVZq3U/getUpdates "HTTP/1.1 200 OK"
2026-07-22 16:50:48,353 - httpx - INFO - HTTP Request: POST https://api.telegram.org/bot7662166641:AAHAaF1exNE4cr2_si74bKUire4YgwVZq3U/getUpdates "HTTP/1.1 200 OK"
2026-07-22 16:50:58,359 - httpx - INFO - HTTP Request: POST https://api.telegram.org/bot7662166641:AAHAaF1exNE4cr2_si74bKUire4YgwVZq3U/getUpdates "HTTP/1.1 200 OK"
2026-07-22 16:51:08,364 - httpx - INFO - HTTP Request: POST https://api.telegram.org/bot7662166641:AAHAaF1exNE4cr2_si74bKUire4YgwVZq3U/getUpdates "HTTP/1.1 200 OK"
2026-07-22 16:51:18,370 - httpx - INFO - HTTP Request: POST https://api.telegram.org/bot7662166641:AAHAaF1exNE4cr2_si74bKUire4YgwVZq3U/getUpdates "HTTP/1.1 200 OK"
2026-07-22 16:51:28,376 - httpx - INFO - HTTP Request: POST https://api.telegram.org/bot7662166641:AAHAaF1exNE4cr2_si74bKUire4YgwVZq3U/getUpdates "HTTP/1.1 200 OK"
2026-07-22 16:51:38,381 - httpx - INFO - HTTP Request: POST https://api.telegram.org/bot7662166641:AAHAaF1exNE4cr2_si74bKUire4YgwVZq3U/getUpdates "HTTP/1.1 200 OK"
2026-07-22 16:51:48,387 - httpx - INFO - HTTP Request: POST https://api.telegram.org/bot7662166641:AAHAaF1exNE4cr2_si74bKUire4YgwVZq3U/getUpdates "HTTP/1.1 200 OK"
2026-07-22 16:51:58,393 - httpx - INFO - HTTP Request: POST https://api.telegram.org/bot7662166641:AAHAaF1exNE4cr2_si74bKUire4YgwVZq3U/getUpdates "HTTP/1.1 200 OK"
2026-07-22 16:52:08,398 - httpx - INFO - HTTP Request: POST https://api.telegram.org/bot7662166641:AAHAaF1exNE4cr2_si74bKUire4YgwVZq3U/getUpdates "HTTP/1.1 200 OK"
2026-07-22 16:52:10,229 - httpx - INFO - HTTP Request: POST https://api.telegram.org/bot7662166641:AAHAaF1exNE4cr2_si74bKUire4YgwVZq3U/getUpdates "HTTP/1.1 200 OK"
2026-07-22 16:52:10,369 - httpx - INFO - HTTP Request: POST https://api.telegram.org/bot7662166641:AAHAaF1exNE4cr2_si74bKUire4YgwVZq3U/sendMessage "HTTP/1.1 200 OK"
2026-07-22 16:52:18,350 - httpx - INFO - HTTP Request: POST https://api.telegram.org/bot7662166641:AAHAaF1exNE4cr2_si74bKUire4YgwVZq3U/getUpdates "HTTP/1.1 200 OK"
2026-07-22 16:52:18,413 - httpx - INFO - HTTP Request: POST https://api.telegram.org/bot7662166641:AAHAaF1exNE4cr2_si74bKUire4YgwVZq3U/sendMessage "HTTP/1.1 200 OK"
2026-07-22 16:52:28,357 - httpx - INFO - HTTP Request: POST https://api.telegram.org/bot7662166641:AAHAaF1exNE4cr2_si74bKUire4YgwVZq3U/getUpdates "HTTP/1.1 200 OK"
2026-07-22 16:52:35,936 - httpx - INFO - HTTP Request: POST https://api.telegram.org/bot7662166641:AAHAaF1exNE4cr2_si74bKUire4YgwVZq3U/getUpdates "HTTP/1.1 200 OK"
2026-07-22 16:52:36,007 - httpx - INFO - HTTP Request: POST https://api.telegram.org/bot7662166641:AAHAaF1exNE4cr2_si74bKUire4YgwVZq3U/sendMessage "HTTP/1.1 200 OK"
2026-07-22 16:52:45,942 - httpx - INFO - HTTP Request: POST https://api.telegram.org/bot7662166641:AAHAaF1exNE4cr2_si74bKUire4YgwVZq3U/getUpdates "HTTP/1.1 200 OK"
2026-07-22 16:52:55,949 - httpx - INFO - HTTP Request: POST https://api.telegram.org/bot7662166641:AAHAaF1exNE4cr2_si74bKUire4YgwVZq3U/getUpdates "HTTP/1.1 200 OK"
2026-07-22 16:53:05,955 - httpx - INFO - HTTP Request: POST https://api.telegram.org/bot7662166641:AAHAaF1exNE4cr2_si74bKUire4YgwVZq3U/getUpdates "HTTP/1.1 200 OK"
2026-07-22 16:53:07,822 - httpx - INFO - HTTP Request: POST https://api.telegram.org/bot7662166641:AAHAaF1exNE4cr2_si74bKUire4YgwVZq3U/getUpdates "HTTP/1.1 200 OK"
2026-07-22 16:53:07,910 - httpx - INFO - HTTP Request: POST https://api.telegram.org/bot7662166641:AAHAaF1exNE4cr2_si74bKUire4YgwVZq3U/sendMessage "HTTP/1.1 200 OK"
2026-07-22 16:53:17,830 - httpx - INFO - HTTP Request: POST https://api.telegram.org/bot7662166641:AAHAaF1exNE4cr2_si74bKUire4YgwVZq3U/getUpdates "HTTP/1.1 200 OK"
2026-07-22 16:53:27,837 - httpx - INFO - HTTP Request: POST https://api.telegram.org/bot7662166641:AAHAaF1exNE4cr2_si74bKUire4YgwVZq3U/getUpdates "HTTP/1.1 200 OK"
